<?xml version="1.0" encoding="UTF-8"?>
<!-- Generated by org.testng.reporters.JUnitXMLReporter -->
<testsuite ignored="4" hostname="Denish" failures="0" tests="1" name="IntegrationTesting" time="0.058" errors="0" timestamp="2023-07-29T11:24:10 IST">
  <testcase classname="learnTestNG.classC" name="testM" time="0.014"/>
  <testcase classname="learnTestNG.PreAndPostCondition" name="testCaseA" time="0.0">
    <ignored/>
  </testcase> <!-- testCaseA -->
  <testcase classname="learnTestNG.PreAndPostCondition" name="testCaseB" time="0.0">
    <ignored/>
  </testcase> <!-- testCaseB -->
  <testcase classname="learnTestNG.classC" name="testL" time="0.0">
    <ignored/>
  </testcase> <!-- testL -->
  <testcase classname="learnTestNG.classC" name="testK" time="0.0">
    <ignored/>
  </testcase> <!-- testK -->
</testsuite> <!-- IntegrationTesting -->
